[debug] [2026-05-23T15:35:08.787Z] ----------------------------------------------------------------------
[debug] [2026-05-23T15:35:08.789Z] Command:       C:\Program Files\nodejs\node.exe C:\Users\Roy\AppData\Roaming\npm\node_modules\firebase-tools\lib\bin\firebase.js deploy --only hosting
[debug] [2026-05-23T15:35:08.789Z] CLI Version:   15.18.0
[debug] [2026-05-23T15:35:08.789Z] Platform:      win32
[debug] [2026-05-23T15:35:08.789Z] Node Version:  v24.15.0
[debug] [2026-05-23T15:35:08.789Z] Time:          Sat May 23 2026 23:35:08 GMT+0800 (台北標準時間)
[debug] [2026-05-23T15:35:08.789Z] ----------------------------------------------------------------------
[debug] 
[debug] [2026-05-23T15:35:09.451Z] > command requires scopes: ["email","openid","https://www.googleapis.com/auth/cloudplatformprojects.readonly","https://www.googleapis.com/auth/firebase","https://www.googleapis.com/auth/cloud-platform"]
[debug] [2026-05-23T15:35:09.451Z] > authorizing via signed-in user (boyud9.5@gmail.com)
[debug] [2026-05-23T15:35:09.451Z] [iam] checking project stocks-global for permissions ["firebase.projects.get","firebasehosting.sites.update"]
[debug] [2026-05-23T15:35:09.452Z] Checked if tokens are valid: true, expires at: 1779553546984
[debug] [2026-05-23T15:35:09.452Z] Checked if tokens are valid: true, expires at: 1779553546984
[debug] [2026-05-23T15:35:09.453Z] >>> [apiv2][query] POST https://cloudresourcemanager.googleapis.com/v1/projects/stocks-global:testIamPermissions [none]
[debug] [2026-05-23T15:35:09.453Z] >>> [apiv2][(partial)header] POST https://cloudresourcemanager.googleapis.com/v1/projects/stocks-global:testIamPermissions  x-goog-user-project=stocks-global
[debug] [2026-05-23T15:35:09.453Z] >>> [apiv2][body] POST https://cloudresourcemanager.googleapis.com/v1/projects/stocks-global:testIamPermissions {"permissions":["firebase.projects.get","firebasehosting.sites.update"]}
[debug] [2026-05-23T15:35:09.705Z] <<< [apiv2][status] POST https://cloudresourcemanager.googleapis.com/v1/projects/stocks-global:testIamPermissions 200
[debug] [2026-05-23T15:35:09.706Z] <<< [apiv2][body] POST https://cloudresourcemanager.googleapis.com/v1/projects/stocks-global:testIamPermissions {"permissions":["firebase.projects.get","firebasehosting.sites.update"]}
[debug] [2026-05-23T15:35:09.706Z] Checked if tokens are valid: true, expires at: 1779553546984
[debug] [2026-05-23T15:35:09.706Z] Checked if tokens are valid: true, expires at: 1779553546984
[debug] [2026-05-23T15:35:09.706Z] >>> [apiv2][query] GET https://firebase.googleapis.com/v1beta1/projects/stocks-global [none]
[debug] [2026-05-23T15:35:09.997Z] <<< [apiv2][status] GET https://firebase.googleapis.com/v1beta1/projects/stocks-global 200
[debug] [2026-05-23T15:35:09.997Z] <<< [apiv2][body] GET https://firebase.googleapis.com/v1beta1/projects/stocks-global {"projectId":"stocks-global","projectNumber":"896423596342","displayName":"stocks-global","name":"projects/stocks-global","resources":{"hostingSite":"stocks-global"},"state":"ACTIVE","etag":"1_a9f6ed4f-aac0-43a9-93e9-8c94b23731bd"}
[info] 
[info] === Deploying to 'stocks-global'...
[info] 
[info] i  deploying hosting 
[debug] [2026-05-23T15:35:10.001Z] Checked if tokens are valid: true, expires at: 1779553546984
[debug] [2026-05-23T15:35:10.001Z] Checked if tokens are valid: true, expires at: 1779553546984
[debug] [2026-05-23T15:35:10.002Z] >>> [apiv2][query] GET https://firebasehosting.googleapis.com/v1beta1/projects/stocks-global/sites/stocks-global [none]
[debug] [2026-05-23T15:35:10.571Z] <<< [apiv2][status] GET https://firebasehosting.googleapis.com/v1beta1/projects/stocks-global/sites/stocks-global 200
[debug] [2026-05-23T15:35:10.571Z] <<< [apiv2][body] GET https://firebasehosting.googleapis.com/v1beta1/projects/stocks-global/sites/stocks-global {"name":"projects/stocks-global/sites/stocks-global","defaultUrl":"https://stocks-global.web.app","type":"DEFAULT_SITE"}
[debug] [2026-05-23T15:35:10.575Z] Checked if tokens are valid: true, expires at: 1779553546984
[debug] [2026-05-23T15:35:10.575Z] Checked if tokens are valid: true, expires at: 1779553546984
[debug] [2026-05-23T15:35:10.575Z] >>> [apiv2][query] POST https://firebasehosting.googleapis.com/v1beta1/projects/-/sites/stocks-global/versions [none]
[debug] [2026-05-23T15:35:10.575Z] >>> [apiv2][body] POST https://firebasehosting.googleapis.com/v1beta1/projects/-/sites/stocks-global/versions {"status":"CREATED","labels":{"deployment-tool":"cli-firebase"}}
